<?xml version="1.0" encoding="UTF-8"?>
<testsuite xmlns:xsi="http://www.w3.org/2001/XMLSchema-instance" xsi:noNamespaceSchemaLocation="https://maven.apache.org/surefire/maven-surefire-plugin/xsd/surefire-test-report-3.0.xsd" version="3.0" name="com.example.citizenservice.CitizenIntegrationTest" time="9.527" tests="4" errors="0" skipped="0" failures="0">
  <properties>
[...]
</properties>
  <testcase name="testDeleteCitizen" classname="com.example.citizenservice.CitizenIntegrationTest" time="2.077">
    <system-out><![CDATA[20:28:05.552 [main] INFO org.springframework.test.context.support.AnnotationConfigContextLoaderUtils -- Could not detect default configuration classes for test class [com.example.citizenservice.CitizenIntegrationTest]: CitizenIntegrationTest does not declare any static, non-private, non-final, nested classes annotated with @Configuration.
20:28:05.736 [main] INFO org.springframework.boot.test.context.SpringBootTestContextBootstrapper -- Found @SpringBootConfiguration com.example.citizenservice.CitizenServiceApplication for test class com.example.citizenservice.CitizenIntegrationTest

  .   ____          _            __ _ _
 /\\ / ___'_ __ _ _(_)_ __  __ _ \ \ \ \
( ( )\___ | '_ | '_| | '_ \/ _` | \ \ \ \
 \\/  ___)| |_)| | | | | || (_| |  ) ) ) )
  '  |____| .__|_| |_|_| |_\__, | / / / /
 =========|_|==============|___/=/_/_/_/
 :: Spring Boot ::                (v3.1.2)

2025-02-15T20:28:06.279+02:00  INFO 19792 --- [           main] c.e.c.CitizenIntegrationTest             : Starting CitizenIntegrationTest using Java 23.0.2 with PID 19792 (started by VasilisLoukos in C:\Users\VasilisLoukos\citizen-registry-workspace\citizen-registry\citizen-service)
2025-02-15T20:28:06.280+02:00  INFO 19792 --- [           main] c.e.c.CitizenIntegrationTest             : No active profile set, falling back to 1 default profile: "default"
2025-02-15T20:28:07.030+02:00  INFO 19792 --- [           main] .s.d.r.c.RepositoryConfigurationDelegate : Bootstrapping Spring Data JPA repositories in DEFAULT mode.
2025-02-15T20:28:07.084+02:00  INFO 19792 --- [           main] .s.d.r.c.RepositoryConfigurationDelegate : Finished Spring Data repository scanning in 46 ms. Found 1 JPA repository interfaces.
2025-02-15T20:28:07.968+02:00  INFO 19792 --- [           main] o.s.b.w.embedded.tomcat.TomcatWebServer  : Tomcat initialized with port(s): 0 (http)
2025-02-15T20:28:07.984+02:00  INFO 19792 --- [           main] o.apache.catalina.core.StandardService   : Starting service [Tomcat]
2025-02-15T20:28:07.984+02:00  INFO 19792 --- [           main] o.apache.catalina.core.StandardEngine    : Starting Servlet engine: [Apache Tomcat/10.1.11]
2025-02-15T20:28:08.118+02:00  INFO 19792 --- [           main] o.a.c.c.C.[Tomcat].[localhost].[/]       : Initializing Spring embedded WebApplicationContext
2025-02-15T20:28:08.121+02:00  INFO 19792 --- [           main] w.s.c.ServletWebServerApplicationContext : Root WebApplicationContext: initialization completed in 1541 ms
2025-02-15T20:28:08.301+02:00  INFO 19792 --- [           main] com.zaxxer.hikari.HikariDataSource       : HikariPool-1 - Starting...
2025-02-15T20:28:08.581+02:00  INFO 19792 --- [           main] com.zaxxer.hikari.pool.HikariPool        : HikariPool-1 - Added connection conn0: url=jdbc:h2:mem:1df64ef5-d62b-46c2-8dbd-16dc5616a9ba user=SA
2025-02-15T20:28:08.584+02:00  INFO 19792 --- [           main] com.zaxxer.hikari.HikariDataSource       : HikariPool-1 - Start completed.
2025-02-15T20:28:08.673+02:00  INFO 19792 --- [           main] o.hibernate.jpa.internal.util.LogHelper  : HHH000204: Processing PersistenceUnitInfo [name: default]
2025-02-15T20:28:08.760+02:00  INFO 19792 --- [           main] org.hibernate.Version                    : HHH000412: Hibernate ORM core version 6.2.6.Final
2025-02-15T20:28:08.762+02:00  INFO 19792 --- [           main] org.hibernate.cfg.Environment            : HHH000406: Using bytecode reflection optimizer
2025-02-15T20:28:09.014+02:00  INFO 19792 --- [           main] o.h.b.i.BytecodeProviderInitiator        : HHH000021: Bytecode provider name : bytebuddy
2025-02-15T20:28:09.233+02:00  INFO 19792 --- [           main] o.s.o.j.p.SpringPersistenceUnitInfo      : No LoadTimeWeaver setup: ignoring JPA class transformer
2025-02-15T20:28:09.499+02:00  INFO 19792 --- [           main] o.h.b.i.BytecodeProviderInitiator        : HHH000021: Bytecode provider name : bytebuddy
2025-02-15T20:28:10.204+02:00  INFO 19792 --- [           main] o.h.e.t.j.p.i.JtaPlatformInitiator       : HHH000490: Using JtaPlatform implementation: [org.hibernate.engine.transaction.jta.platform.internal.NoJtaPlatform]
2025-02-15T20:28:10.238+02:00  INFO 19792 --- [           main] j.LocalContainerEntityManagerFactoryBean : Initialized JPA EntityManagerFactory for persistence unit 'default'
2025-02-15T20:28:10.597+02:00  WARN 19792 --- [           main] ocalVariableTableParameterNameDiscoverer : Using deprecated '-debug' fallback for parameter name resolution. Compile the affected code with '-parameters' instead or avoid its introspection: com.example.citizenservice.repository.CitizenRepository
2025-02-15T20:28:10.837+02:00  WARN 19792 --- [           main] JpaBaseConfiguration$JpaWebConfiguration : spring.jpa.open-in-view is enabled by default. Therefore, database queries may be performed during view rendering. Explicitly configure spring.jpa.open-in-view to disable this warning
2025-02-15T20:28:11.008+02:00 DEBUG 19792 --- [           main] s.w.s.m.m.a.RequestMappingHandlerAdapter : ControllerAdvice beans: 0 @ModelAttribute, 0 @InitBinder, 1 RequestBodyAdvice, 1 ResponseBodyAdvice
2025-02-15T20:28:11.157+02:00 DEBUG 19792 --- [           main] s.w.s.m.m.a.RequestMappingHandlerMapping : 6 mappings in 'requestMappingHandlerMapping'
2025-02-15T20:28:11.191+02:00 DEBUG 19792 --- [           main] o.s.w.s.handler.SimpleUrlHandlerMapping  : Patterns [/webjars/**, /**] in 'resourceHandlerMapping'
2025-02-15T20:28:11.201+02:00 DEBUG 19792 --- [           main] .m.m.a.ExceptionHandlerExceptionResolver : ControllerAdvice beans: 0 @ExceptionHandler, 1 ResponseBodyAdvice
2025-02-15T20:28:11.292+02:00  INFO 19792 --- [           main] o.a.c.c.C.[Tomcat].[localhost].[/]       : Initializing Spring TestDispatcherServlet ''
2025-02-15T20:28:11.292+02:00  INFO 19792 --- [           main] o.s.t.web.servlet.TestDispatcherServlet  : Initializing Servlet ''
2025-02-15T20:28:11.294+02:00  INFO 19792 --- [           main] o.s.t.web.servlet.TestDispatcherServlet  : Completed initialization in 2 ms
2025-02-15T20:28:11.384+02:00  INFO 19792 --- [           main] o.s.b.w.embedded.tomcat.TomcatWebServer  : Tomcat started on port(s): 64475 (http) with context path ''
2025-02-15T20:28:11.392+02:00  INFO 19792 --- [           main] c.e.c.CitizenIntegrationTest             : Started CitizenIntegrationTest in 5.49 seconds (process running for 6.806)
2025-02-15T20:28:13.290+02:00  INFO 19792 --- [o-auto-1-exec-1] o.a.c.c.C.[Tomcat].[localhost].[/]       : Initializing Spring DispatcherServlet 'dispatcherServlet'
2025-02-15T20:28:13.290+02:00  INFO 19792 --- [o-auto-1-exec-1] o.s.web.servlet.DispatcherServlet        : Initializing Servlet 'dispatcherServlet'
2025-02-15T20:28:13.290+02:00 DEBUG 19792 --- [o-auto-1-exec-1] o.s.web.servlet.DispatcherServlet        : Detected StandardServletMultipartResolver
2025-02-15T20:28:13.291+02:00 DEBUG 19792 --- [o-auto-1-exec-1] o.s.web.servlet.DispatcherServlet        : Detected AcceptHeaderLocaleResolver
2025-02-15T20:28:13.291+02:00 DEBUG 19792 --- [o-auto-1-exec-1] o.s.web.servlet.DispatcherServlet        : Detected FixedThemeResolver
2025-02-15T20:28:13.292+02:00 DEBUG 19792 --- [o-auto-1-exec-1] o.s.web.servlet.DispatcherServlet        : Detected org.springframework.web.servlet.view.DefaultRequestToViewNameTranslator@bb160fb
2025-02-15T20:28:13.293+02:00 DEBUG 19792 --- [o-auto-1-exec-1] o.s.web.servlet.DispatcherServlet        : Detected org.springframework.web.servlet.support.SessionFlashMapManager@33b4c775
2025-02-15T20:28:13.293+02:00 DEBUG 19792 --- [o-auto-1-exec-1] o.s.web.servlet.DispatcherServlet        : enableLoggingRequestDetails='false': request parameters and headers will be masked to prevent unsafe logging of potentially sensitive data
2025-02-15T20:28:13.293+02:00  INFO 19792 --- [o-auto-1-exec-1] o.s.web.servlet.DispatcherServlet        : Completed initialization in 3 ms
2025-02-15T20:28:13.310+02:00 DEBUG 19792 --- [o-auto-1-exec-1] o.s.web.servlet.DispatcherServlet        : DELETE "/api/citizens/EF654321", parameters={}
2025-02-15T20:28:13.326+02:00 DEBUG 19792 --- [o-auto-1-exec-1] s.w.s.m.m.a.RequestMappingHandlerMapping : Mapped to com.example.citizenservice.controller.CitizenController#deleteCitizen(String)
2025-02-15T20:28:13.345+02:00  WARN 19792 --- [o-auto-1-exec-1] ocalVariableTableParameterNameDiscoverer : Using deprecated '-debug' fallback for parameter name resolution. Compile the affected code with '-parameters' instead or avoid its introspection: com.example.citizenservice.controller.CitizenController
2025-02-15T20:28:13.395+02:00 DEBUG 19792 --- [o-auto-1-exec-1] o.s.w.s.m.m.a.HttpEntityMethodProcessor  : Using 'application/json', given [*/*] and supported [application/json, application/*+json]
2025-02-15T20:28:13.396+02:00 DEBUG 19792 --- [o-auto-1-exec-1] o.s.w.s.m.m.a.HttpEntityMethodProcessor  : Nothing to write: null body
2025-02-15T20:28:13.398+02:00 DEBUG 19792 --- [o-auto-1-exec-1] o.s.web.servlet.DispatcherServlet        : Completed 204 NO_CONTENT
]]></system-out>
    <system-err><![CDATA[WARNING: A Java agent has been loaded dynamically (C:\Users\VasilisLoukos\.m2\repository\net\bytebuddy\byte-buddy-agent\1.14.5\byte-buddy-agent-1.14.5.jar)
WARNING: If a serviceability tool is in use, please run with -XX:+EnableDynamicAgentLoading to hide this warning
WARNING: If a serviceability tool is not in use, please run with -Djdk.instrument.traceUsage for more information
WARNING: Dynamic loading of agents will be disallowed by default in a future release
]]></system-err>
  </testcase>
  <testcase name="testGetCitizenById" classname="com.example.citizenservice.CitizenIntegrationTest" time="0.759">
    <system-out><![CDATA[2025-02-15T20:28:13.509+02:00 DEBUG 19792 --- [o-auto-1-exec-2] o.s.web.servlet.DispatcherServlet        : GET "/api/citizens/AB123456", parameters={}
2025-02-15T20:28:13.509+02:00 DEBUG 19792 --- [o-auto-1-exec-2] s.w.s.m.m.a.RequestMappingHandlerMapping : Mapped to com.example.citizenservice.controller.CitizenController#getCitizenById(String)
2025-02-15T20:28:13.543+02:00 DEBUG 19792 --- [o-auto-1-exec-2] o.s.w.s.m.m.a.HttpEntityMethodProcessor  : Using 'application/json', given [*/*] and supported [application/json, application/*+json]
2025-02-15T20:28:13.545+02:00 DEBUG 19792 --- [o-auto-1-exec-2] o.s.w.s.m.m.a.HttpEntityMethodProcessor  : Writing [Citizen{id='AB123456', firstName='John', lastName='Doe', gender='Male', birthDate='01-01-1990', afm= (truncated)...]
2025-02-15T20:28:13.568+02:00 DEBUG 19792 --- [o-auto-1-exec-2] o.s.web.servlet.DispatcherServlet        : Completed 200 OK
]]></system-out>
  </testcase>
  <testcase name="testGetAllCitizens" classname="com.example.citizenservice.CitizenIntegrationTest" time="0.057">
    <system-out><![CDATA[2025-02-15T20:28:14.264+02:00 DEBUG 19792 --- [o-auto-1-exec-4] o.s.web.servlet.DispatcherServlet        : GET "/api/citizens", parameters={}
2025-02-15T20:28:14.265+02:00 DEBUG 19792 --- [o-auto-1-exec-4] s.w.s.m.m.a.RequestMappingHandlerMapping : Mapped to com.example.citizenservice.controller.CitizenController#getAllCitizens()
2025-02-15T20:28:14.269+02:00 DEBUG 19792 --- [o-auto-1-exec-4] o.s.w.s.m.m.a.HttpEntityMethodProcessor  : Using 'application/json', given [*/*] and supported [application/json, application/*+json]
2025-02-15T20:28:14.269+02:00 DEBUG 19792 --- [o-auto-1-exec-4] o.s.w.s.m.m.a.HttpEntityMethodProcessor  : Writing [[Citizen{id='AB123456', firstName='John', lastName='Doe', gender='Male', birthDate='01-01-1990', afm (truncated)...]
2025-02-15T20:28:14.272+02:00 DEBUG 19792 --- [o-auto-1-exec-4] o.s.web.servlet.DispatcherServlet        : Completed 200 OK
]]></system-out>
  </testcase>
  <testcase name="testAddCitizen" classname="com.example.citizenservice.CitizenIntegrationTest" time="0.562">
    <system-out><![CDATA[2025-02-15T20:28:14.435+02:00 DEBUG 19792 --- [o-auto-1-exec-5] o.s.web.servlet.DispatcherServlet        : POST "/api/citizens", parameters={}
2025-02-15T20:28:14.435+02:00 DEBUG 19792 --- [o-auto-1-exec-5] s.w.s.m.m.a.RequestMappingHandlerMapping : Mapped to com.example.citizenservice.controller.CitizenController#addCitizen(Citizen)
2025-02-15T20:28:14.465+02:00 DEBUG 19792 --- [o-auto-1-exec-5] m.m.a.RequestResponseBodyMethodProcessor : Read "application/json;charset=UTF-8" to [Citizen{id='CD789012', firstName='Alice', lastName='Smith', gender='Female', birthDate='05-05-1995', (truncated)...]
2025-02-15T20:28:14.827+02:00 DEBUG 19792 --- [o-auto-1-exec-5] o.s.w.s.m.m.a.HttpEntityMethodProcessor  : Using 'application/json', given [*/*] and supported [application/json, application/*+json]
2025-02-15T20:28:14.828+02:00 DEBUG 19792 --- [o-auto-1-exec-5] o.s.w.s.m.m.a.HttpEntityMethodProcessor  : Writing [Citizen{id='CD789012', firstName='Alice', lastName='Smith', gender='Female', birthDate='05-05-1995', (truncated)...]
2025-02-15T20:28:14.829+02:00 DEBUG 19792 --- [o-auto-1-exec-5] o.s.web.servlet.DispatcherServlet        : Completed 200 OK
]]></system-out>
  </testcase>
</testsuite>